[07:15:46] [Server thread/INFO]: Starting minecraft server version 1.8.8
[07:15:46] [Server thread/INFO]: Loading properties
[07:15:46] [Server thread/INFO]: Default game type: SURVIVAL
[07:15:46] [Server thread/INFO]: This server is running CraftBukkit version git-PaperSpigot-445 (MC: 1.8.8) (Implementing API version 1.8.8-R0.1-SNAPSHOT)
[07:15:46] [Server thread/INFO]: Debug logging is disabled
[07:15:46] [Server thread/INFO]: Spigot Timings: true - Verbose: true - Interval: 5m - Length: 60m
[07:15:46] [Server thread/INFO]: Server Ping Player Sample Count: 12

[07:15:46] [Server thread/INFO]: Using 4 threads for Netty based IO
[07:15:46] [Server thread/INFO]: Data value allowed items: 
[07:15:46] [Server thread/WARN]: java.lang.NoSuchFieldException: modifiers

[07:15:46] [Server thread/WARN]: 	at java.base/java.lang.Class.getDeclaredField(Class.java:2782)

[07:15:46] [Server thread/WARN]: 	at org.github.paperspigot.PaperSpigotConfig.stackableBuckets(PaperSpigotConfig.java:192)

[07:15:46] [Server thread/WARN]: 	at java.base/jdk.internal.reflect.DirectMethodHandleAccessor.invoke(DirectMethodHandleAccessor.java:103)

[07:15:46] [Server thread/WARN]: 	at java.base/java.lang.reflect.Method.invoke(Method.java:580)

[07:15:46] [Server thread/WARN]: 	at org.github.paperspigot.PaperSpigotConfig.readConfig(PaperSpigotConfig.java:84)

[07:15:46] [Server thread/WARN]: 	at org.github.paperspigot.PaperSpigotConfig.init(PaperSpigotConfig.java:62)

[07:15:46] [Server thread/WARN]: 	at net.minecraft.server.v1_8_R3.DedicatedServer.init(DedicatedServer.java:181)

[07:15:46] [Server thread/WARN]: 	at net.minecraft.server.v1_8_R3.MinecraftServer.run(MinecraftServer.java:563)

[07:15:46] [Server thread/WARN]: 	at java.base/java.lang.Thread.run(Thread.java:1583)

[07:15:46] [Server thread/INFO]: Generating keypair
[07:15:47] [Server thread/INFO]: Starting Minecraft server on localhost:25565
[07:15:47] [Server thread/INFO]: Your platform does not provide complete low-level API for accessing direct buffers reliably. Unless explicitly requested, heap buffer will always be preferred to avoid potential system unstability.
[07:15:47] [Server thread/INFO]: Using default channel type
[07:15:47] [Server thread/INFO]: Set PluginClassLoader as parallel capable
[07:15:47] [Server thread/INFO]: [SimpleTpa] Loading SimpleTpa v6.4
[07:15:47] [Server thread/INFO]: [[EaglerPluginInstaller]] Loading EaglerPluginInstaller v1.1.4
[07:15:47] [Server thread/INFO]: [SimpleHomes] Loading SimpleHomes v2.2
[07:15:47] [Server thread/INFO]: [WorldEdit] Loading WorldEdit v6.1;no_git_id
[07:15:47] [Server thread/INFO]: [LoginSecurity] Loading LoginSecurity v3.2.0
[07:15:47] [Server thread/INFO]: **** Beginning UUID conversion, this may take A LONG time ****
[07:15:47] [Server thread/INFO]: Preparing level "world"
[07:15:47] [Server thread/INFO]: -------- World Settings For [world] --------
[07:15:47] [Server thread/INFO]: Mob Spawn Range: 4
[07:15:47] [Server thread/INFO]: Anti X-Ray: true
[07:15:47] [Server thread/INFO]: 	Engine Mode: 1
[07:15:47] [Server thread/INFO]: 	Hidden Blocks: [14, 15, 16, 21, 48, 49, 54, 56, 73, 74, 82, 129, 130]
[07:15:47] [Server thread/INFO]: 	Replace Blocks: [1, 5]
[07:15:47] [Server thread/INFO]: Nerfing mobs spawned from spawners: false
[07:15:47] [Server thread/INFO]: Cactus Growth Modifier: 100%
[07:15:47] [Server thread/INFO]: Cane Growth Modifier: 100%
[07:15:47] [Server thread/INFO]: Melon Growth Modifier: 100%
[07:15:47] [Server thread/INFO]: Mushroom Growth Modifier: 100%
[07:15:47] [Server thread/INFO]: Pumpkin Growth Modifier: 100%
[07:15:47] [Server thread/INFO]: Sapling Growth Modifier: 100%
[07:15:47] [Server thread/INFO]: Wheat Growth Modifier: 100%
[07:15:47] [Server thread/INFO]: NetherWart Growth Modifier: 100%
[07:15:47] [Server thread/INFO]: Entity Activation Range: An 32 / Mo 32 / Mi 16
[07:15:47] [Server thread/INFO]: Entity Tracking Range: Pl 48 / An 48 / Mo 48 / Mi 32 / Other 64
[07:15:47] [Server thread/INFO]: Hopper Transfer: 8 Hopper Check: 8 Hopper Amount: 1
[07:15:47] [Server thread/INFO]: Random Lighting Updates: false
[07:15:47] [Server thread/INFO]: Structure Info Saving: true
[07:15:47] [Server thread/INFO]: Sending up to 10 chunks per packet
[07:15:47] [Server thread/INFO]: Max Entity Collisions: 8
[07:15:47] [Server thread/INFO]: Custom Map Seeds:  Village: 10387312 Feature: 14357617
[07:15:47] [Server thread/INFO]: Max TNT Explosions: 100
[07:15:47] [Server thread/INFO]: Tile Max Tick Time: 50ms Entity max Tick Time: 50ms
[07:15:47] [Server thread/INFO]: Item Despawn Rate: 6000
[07:15:47] [Server thread/INFO]: Item Merge Radius: 2.5
[07:15:47] [Server thread/INFO]: View Distance: 4
[07:15:47] [Server thread/INFO]: Arrow Despawn Rate: 1200
[07:15:47] [Server thread/INFO]: Allow Zombie Pigmen to spawn from portal blocks: true
[07:15:47] [Server thread/INFO]: Zombie Aggressive Towards Villager: true
[07:15:47] [Server thread/INFO]: Chunks to Grow per Tick: 650
[07:15:47] [Server thread/INFO]: Clear tick list: false
[07:15:47] [Server thread/INFO]: Experience Merge Radius: 3.0
[07:15:47] [Server thread/INFO]: -------- World Settings For [world] --------
[07:15:47] [Server thread/INFO]: Squids will spawn between Y: 45.0 and Y: 63.0
[07:15:47] [Server thread/INFO]: Max height for cactus growth 3. Max height for reed growth 3
[07:15:47] [Server thread/INFO]: Living Entity Despawn Ranges:  Soft: 32 Hard: 128
[07:15:47] [Server thread/INFO]: Remove invalid mob spawner tile entities: true
[07:15:47] [Server thread/INFO]: Player blocking damage multiplier set to 0.5
[07:15:47] [Server thread/INFO]: Water over lava flow speed: 5
[07:15:47] [Server thread/INFO]: Fix TNT cannons: false
[07:15:47] [Server thread/INFO]: Allow undead horse types to be leashed: false
[07:15:47] [Server thread/INFO]: Keep spawn chunk loaded: true
[07:15:47] [Server thread/INFO]: World async lighting: false
[07:15:47] [Server thread/INFO]: WorldServer TickNextTick cap set at 10000
[07:15:47] [Server thread/INFO]: WorldServer TickNextTickList cap always processes redstone: false
[07:15:47] [Server thread/INFO]: -------- World Settings For [world_nether] --------
[07:15:47] [Server thread/INFO]: Mob Spawn Range: 4
[07:15:47] [Server thread/INFO]: Anti X-Ray: true
[07:15:47] [Server thread/INFO]: 	Engine Mode: 1
[07:15:47] [Server thread/INFO]: 	Hidden Blocks: [14, 15, 16, 21, 48, 49, 54, 56, 73, 74, 82, 129, 130]
[07:15:47] [Server thread/INFO]: 	Replace Blocks: [1, 5]
[07:15:47] [Server thread/INFO]: Nerfing mobs spawned from spawners: false
[07:15:47] [Server thread/INFO]: Cactus Growth Modifier: 100%
[07:15:47] [Server thread/INFO]: Cane Growth Modifier: 100%
[07:15:47] [Server thread/INFO]: Melon Growth Modifier: 100%
[07:15:47] [Server thread/INFO]: Mushroom Growth Modifier: 100%
[07:15:47] [Server thread/INFO]: Pumpkin Growth Modifier: 100%
[07:15:47] [Server thread/INFO]: Sapling Growth Modifier: 100%
[07:15:47] [Server thread/INFO]: Wheat Growth Modifier: 100%
[07:15:47] [Server thread/INFO]: NetherWart Growth Modifier: 100%
[07:15:47] [Server thread/INFO]: Entity Activation Range: An 32 / Mo 32 / Mi 16
[07:15:47] [Server thread/INFO]: Entity Tracking Range: Pl 48 / An 48 / Mo 48 / Mi 32 / Other 64
[07:15:47] [Server thread/INFO]: Hopper Transfer: 8 Hopper Check: 8 Hopper Amount: 1
[07:15:47] [Server thread/INFO]: Random Lighting Updates: false
[07:15:47] [Server thread/INFO]: Structure Info Saving: true
[07:15:47] [Server thread/INFO]: Sending up to 10 chunks per packet
[07:15:47] [Server thread/INFO]: Max Entity Collisions: 8
[07:15:47] [Server thread/INFO]: Custom Map Seeds:  Village: 10387312 Feature: 14357617
[07:15:47] [Server thread/INFO]: Max TNT Explosions: 100
[07:15:47] [Server thread/INFO]: Tile Max Tick Time: 50ms Entity max Tick Time: 50ms
[07:15:47] [Server thread/INFO]: Item Despawn Rate: 6000
[07:15:47] [Server thread/INFO]: Item Merge Radius: 2.5
[07:15:47] [Server thread/INFO]: View Distance: 4
[07:15:47] [Server thread/INFO]: Arrow Despawn Rate: 1200
[07:15:47] [Server thread/INFO]: Allow Zombie Pigmen to spawn from portal blocks: true
[07:15:47] [Server thread/INFO]: Zombie Aggressive Towards Villager: true
[07:15:47] [Server thread/INFO]: Chunks to Grow per Tick: 650
[07:15:47] [Server thread/INFO]: Clear tick list: false
[07:15:47] [Server thread/INFO]: Experience Merge Radius: 3.0
[07:15:47] [Server thread/INFO]: -------- World Settings For [world_nether] --------
[07:15:47] [Server thread/INFO]: Squids will spawn between Y: 45.0 and Y: 63.0
[07:15:47] [Server thread/INFO]: Max height for cactus growth 3. Max height for reed growth 3
[07:15:47] [Server thread/INFO]: Living Entity Despawn Ranges:  Soft: 32 Hard: 128
[07:15:47] [Server thread/INFO]: Remove invalid mob spawner tile entities: true
[07:15:47] [Server thread/INFO]: Player blocking damage multiplier set to 0.5
[07:15:47] [Server thread/INFO]: Water over lava flow speed: 5
[07:15:47] [Server thread/INFO]: Fix TNT cannons: false
[07:15:47] [Server thread/INFO]: Allow undead horse types to be leashed: false
[07:15:47] [Server thread/INFO]: Keep spawn chunk loaded: true
[07:15:47] [Server thread/INFO]: World async lighting: false
[07:15:47] [Server thread/INFO]: WorldServer TickNextTick cap set at 10000
[07:15:47] [Server thread/INFO]: WorldServer TickNextTickList cap always processes redstone: false
[07:15:47] [Server thread/INFO]: -------- World Settings For [world_the_end] --------
[07:15:47] [Server thread/INFO]: Mob Spawn Range: 4
[07:15:47] [Server thread/INFO]: Anti X-Ray: true
[07:15:47] [Server thread/INFO]: 	Engine Mode: 1
[07:15:47] [Server thread/INFO]: 	Hidden Blocks: [14, 15, 16, 21, 48, 49, 54, 56, 73, 74, 82, 129, 130]
[07:15:47] [Server thread/INFO]: 	Replace Blocks: [1, 5]
[07:15:47] [Server thread/INFO]: Nerfing mobs spawned from spawners: false
[07:15:47] [Server thread/INFO]: Cactus Growth Modifier: 100%
[07:15:47] [Server thread/INFO]: Cane Growth Modifier: 100%
[07:15:47] [Server thread/INFO]: Melon Growth Modifier: 100%
[07:15:47] [Server thread/INFO]: Mushroom Growth Modifier: 100%
[07:15:47] [Server thread/INFO]: Pumpkin Growth Modifier: 100%
[07:15:47] [Server thread/INFO]: Sapling Growth Modifier: 100%
[07:15:47] [Server thread/INFO]: Wheat Growth Modifier: 100%
[07:15:47] [Server thread/INFO]: NetherWart Growth Modifier: 100%
[07:15:47] [Server thread/INFO]: Entity Activation Range: An 32 / Mo 32 / Mi 16
[07:15:47] [Server thread/INFO]: Entity Tracking Range: Pl 48 / An 48 / Mo 48 / Mi 32 / Other 64
[07:15:47] [Server thread/INFO]: Hopper Transfer: 8 Hopper Check: 8 Hopper Amount: 1
[07:15:47] [Server thread/INFO]: Random Lighting Updates: false
[07:15:47] [Server thread/INFO]: Structure Info Saving: true
[07:15:47] [Server thread/INFO]: Sending up to 10 chunks per packet
[07:15:47] [Server thread/INFO]: Max Entity Collisions: 8
[07:15:47] [Server thread/INFO]: Custom Map Seeds:  Village: 10387312 Feature: 14357617
[07:15:47] [Server thread/INFO]: Max TNT Explosions: 100
[07:15:47] [Server thread/INFO]: Tile Max Tick Time: 50ms Entity max Tick Time: 50ms
[07:15:47] [Server thread/INFO]: Item Despawn Rate: 6000
[07:15:47] [Server thread/INFO]: Item Merge Radius: 2.5
[07:15:47] [Server thread/INFO]: View Distance: 4
[07:15:47] [Server thread/INFO]: Arrow Despawn Rate: 1200
[07:15:47] [Server thread/INFO]: Allow Zombie Pigmen to spawn from portal blocks: true
[07:15:47] [Server thread/INFO]: Zombie Aggressive Towards Villager: true
[07:15:47] [Server thread/INFO]: Chunks to Grow per Tick: 650
[07:15:47] [Server thread/INFO]: Clear tick list: false
[07:15:47] [Server thread/INFO]: Experience Merge Radius: 3.0
[07:15:47] [Server thread/INFO]: -------- World Settings For [world_the_end] --------
[07:15:47] [Server thread/INFO]: Squids will spawn between Y: 45.0 and Y: 63.0
[07:15:47] [Server thread/INFO]: Max height for cactus growth 3. Max height for reed growth 3
[07:15:47] [Server thread/INFO]: Living Entity Despawn Ranges:  Soft: 32 Hard: 128
[07:15:47] [Server thread/INFO]: Remove invalid mob spawner tile entities: true
[07:15:47] [Server thread/INFO]: Player blocking damage multiplier set to 0.5
[07:15:47] [Server thread/INFO]: Water over lava flow speed: 5
[07:15:47] [Server thread/INFO]: Fix TNT cannons: false
[07:15:47] [Server thread/INFO]: Allow undead horse types to be leashed: false
[07:15:47] [Server thread/INFO]: Keep spawn chunk loaded: true
[07:15:47] [Server thread/INFO]: World async lighting: false
[07:15:47] [Server thread/INFO]: WorldServer TickNextTick cap set at 10000
[07:15:47] [Server thread/INFO]: WorldServer TickNextTickList cap always processes redstone: false
[07:15:47] [Server thread/INFO]: Preparing start region for level 0 (Seed: -8024301172331630994)
[07:15:48] [Server thread/INFO]: Preparing spawn area: 77%
[07:15:48] [Server thread/INFO]: Preparing start region for level 1 (Seed: -8024301172331630994)
[07:15:49] [Server thread/INFO]: Preparing start region for level 2 (Seed: -8024301172331630994)
[07:15:49] [Server thread/INFO]: [SimpleTpa] Enabling SimpleTpa v6.4
[07:15:49] [Server thread/INFO]: [0;33;1m[21m[SimpleTpa] If you need support contact me at https://discord.gg/SZUkza9[m

[07:15:49] [Server thread/INFO]: [0;33;1m[21m[SimpleTpa] Simple Tpa has been enabled on version 6.4[m

[07:15:50] [Server thread/INFO]: Enabled metrics. You may opt-out by changing plugins/bStats/config.yml
[07:15:50] [Server thread/INFO]: [[EaglerPluginInstaller]] Enabling EaglerPluginInstaller v1.1.4
[07:15:50] [Server thread/INFO]: Check 1 passed

[07:15:50] [Server thread/INFO]: Check 3 passed

[07:15:50] [Server thread/INFO]: --------------------------------------------[m

[07:15:50] [Server thread/INFO]: --------------------------------------------[m

[07:15:50] [Server thread/INFO]: [0;32;1m[EaglerPluginInstaller][0;36;1m EaglerPluginInstaller V1.1.5 is now Enabled! :D[m

[07:15:50] [Server thread/INFO]: To use PluginInstaller, run the command "/install <pluginname>" ("install <pluginname>" in console) to install a plugin[m

[07:15:50] [Server thread/INFO]: To get a list of installable plugins, use the command "/plist" or "plist" in console[m

[07:15:50] [Server thread/INFO]: You can request to add a new plugin to the database by going to https://github.com/darverdevs/PluginInstallerRepo/tree/main[m

[07:15:50] [Server thread/INFO]: and creating an issue or pull request of the plugin you want to add[m

[07:15:50] [Server thread/INFO]: --------------------------------------------[m

[07:15:50] [Server thread/INFO]: --------------------------------------------[m

[07:15:50] [Server thread/INFO]: [SimpleHomes] Enabling SimpleHomes v2.2
[07:15:50] [Server thread/INFO]: [WorldEdit] Enabling WorldEdit v6.1;no_git_id
[07:15:51] [Server thread/INFO]: WEPIF: Using the Bukkit Permissions API.
[07:15:51] [Server thread/INFO]: [WorldEdit] Using com.sk89q.worldedit.bukkit.adapter.impl.Spigot_v1_8_R3 as the Bukkit adapter
[07:15:51] [Server thread/INFO]: [LoginSecurity] Enabling LoginSecurity v3.2.0
[07:15:51] [Server thread/INFO]: [LoginSecurity] Loading base translations from "en_us"
[07:15:51] [Server thread/INFO]: [LoginSecurity] Loading specified translations from "en_us"
[07:15:51] [Server thread/INFO]: [LoginSecurity] Registering commands...
[07:15:51] [Server thread/INFO]: [LoginSecurity] Registering listeners...
[07:15:51] [Server thread/INFO]: Server permissions file permissions.yml is empty, ignoring it
[07:15:51] [Server thread/INFO]: Done (4.146s)! For help, type "help" or "?"
[07:15:51] [Server thread/INFO]: Timings Reset
[07:15:51] [Craft Scheduler Thread - 0/INFO]: [0;31;1m[21m[SimpleTpa] There is a new update available.[m

[07:15:51] [Craft Scheduler Thread - 0/INFO]: [0;31;1m[SimpleTpa] There is a new update available:[m

[07:15:51] [Craft Scheduler Thread - 0/INFO]: [0;31;1m[SimpleTpa] https://www.spigotmc.org/resources/simple-tpa.64270/[m

[07:15:58] [Server thread/INFO]: [0;32;1mHere is a list of available plugins in the database:[m

[07:15:58] [Server thread/INFO]: 1. AdminFun             8. ChestMaster[m

[07:15:58] [Server thread/INFO]: 2. AntiSwear            9. Citizens[m

[07:15:58] [Server thread/INFO]: 3. AuthMe               10. ClearLag[m

[07:15:58] [Server thread/INFO]: 4. AyunCord             11. CommandNPC[m

[07:15:58] [Server thread/INFO]: 5. BattleArena          12. ComZombies[m

[07:15:58] [Server thread/INFO]: 6. BitchFilter          13. CoreProtect[m

[07:15:58] [Server thread/INFO]: 7. BloodMoon            14. CrackShot[m

[07:15:58] [Server thread/INFO]:              Page 1 of 6[m

[07:15:58] [Server thread/INFO]: Note: You do not need to have proper[m

[07:15:58] [Server thread/INFO]: capitalization when using the install command[m

[07:17:07] [Server thread/INFO]: You have successfully installed the [0;32;1mCLEARLAG[0;37;1m plugin![m

